<?xml version="1.0" encoding="UTF-8"?>
<!-- Generated by org.testng.reporters.JUnitReportReporter -->
<testsuite hostname="DESKTOP-SKQ2T5D" failures="0" tests="1" name="com.resources.cucumberclass.TestRunner" time="14.121" errors="0" timestamp="2021-03-15T10:14:48 IST" skipped="0">
  <testcase classname="com.resources.cucumberclass.TestRunner" name="runScenario" time="14.121"/>
  <system-out>
Login successfully!!  </system-out>
</testsuite> <!-- com.resources.cucumberclass.TestRunner -->
