<?xml version="1.0" encoding="UTF-8"?>
<!-- Generated by org.testng.reporters.JUnitReportReporter -->
<testsuite hostname="DESKTOP-SKQ2T5D" failures="0" tests="1" name="com.resources.cucumberclass.TestRunner" time="6.690" errors="0" timestamp="2021-02-25T10:58:48 IST" skipped="0">
  <testcase classname="com.resources.cucumberclass.TestRunner" name="runScenario" time="6.690"/>
  <system-out>
Login successfully!!  </system-out>
</testsuite> <!-- com.resources.cucumberclass.TestRunner -->
